[ERROR] 2026-03-01 12:06:45 log - Internal Server Error: /order/ORD20260301001/
Traceback (most recent call last):
  File "D:\Iu University\OneDrive - IU International University of Applied Sciences\Desktop\VibeMall\venv\Lib\site-packages\django\core\handlers\exception.py", line 55, in inner
    response = get_response(request)
               ^^^^^^^^^^^^^^^^^^^^^
  File "D:\Iu University\OneDrive - IU International University of Applied Sciences\Desktop\VibeMall\venv\Lib\site-packages\django\core\handlers\base.py", line 197, in _get_response
    response = wrapped_callback(request, *callback_args, **callback_kwargs)
               ^^^^^^^^^^^^^^^^^^^^^^^^^^^^^^^^^^^^^^^^^^^^^^^^^^^^^^^^^^^^
  File "D:\Iu University\OneDrive - IU International University of Applied Sciences\Desktop\VibeMall\Hub\views.py", line 8331, in order_details
    return render(request, 'order_details.html', {
           ^^^^^^^^^^^^^^^^^^^^^^^^^^^^^^^^^^^^^^^
  File "D:\Iu University\OneDrive - IU International University of Applied Sciences\Desktop\VibeMall\venv\Lib\site-packages\django\shortcuts.py", line 25, in render
    content = loader.render_to_string(template_name, context, request, using=using)
              ^^^^^^^^^^^^^^^^^^^^^^^^^^^^^^^^^^^^^^^^^^^^^^^^^^^^^^^^^^^^^^^^^^^^^
  File "D:\Iu University\OneDrive - IU International University of Applied Sciences\Desktop\VibeMall\venv\Lib\site-packages\django\template\loader.py", line 62, in render_to_string
    return template.render(context, request)
           ^^^^^^^^^^^^^^^^^^^^^^^^^^^^^^^^^
  File "D:\Iu University\OneDrive - IU International University of Applied Sciences\Desktop\VibeMall\venv\Lib\site-packages\django\template\backends\django.py", line 107, in render
    return self.template.render(context)
           ^^^^^^^^^^^^^^^^^^^^^^^^^^^^^
  File "D:\Iu University\OneDrive - IU International University of Applied Sciences\Desktop\VibeMall\venv\Lib\site-packages\django\template\base.py", line 172, in render
    return self._render(context)
           ^^^^^^^^^^^^^^^^^^^^^
  File "D:\Iu University\OneDrive - IU International University of Applied Sciences\Desktop\VibeMall\venv\Lib\site-packages\django\template\base.py", line 164, in _render
    return self.nodelist.render(context)
           ^^^^^^^^^^^^^^^^^^^^^^^^^^^^^
  File "D:\Iu University\OneDrive - IU International University of Applied Sciences\Desktop\VibeMall\venv\Lib\site-packages\django\template\base.py", line 1018, in render
    return SafeString("".join([node.render_annotated(context) for node in self]))
                              ^^^^^^^^^^^^^^^^^^^^^^^^^^^^^^^^^^^^^^^^^^^^^^^^^
  File "D:\Iu University\OneDrive - IU International University of Applied Sciences\Desktop\VibeMall\venv\Lib\site-packages\django\template\base.py", line 1018, in <listcomp>
    return SafeString("".join([node.render_annotated(context) for node in self]))
                               ^^^^^^^^^^^^^^^^^^^^^^^^^^^^^^
  File "D:\Iu University\OneDrive - IU International University of Applied Sciences\Desktop\VibeMall\venv\Lib\site-packages\django\template\base.py", line 979, in render_annotated
    return self.render(context)
           ^^^^^^^^^^^^^^^^^^^^
  File "D:\Iu University\OneDrive - IU International University of Applied Sciences\Desktop\VibeMall\venv\Lib\site-packages\django\template\loader_tags.py", line 134, in render
    compiled_parent = self.get_parent(context)
                      ^^^^^^^^^^^^^^^^^^^^^^^^
  File "D:\Iu University\OneDrive - IU International University of Applied Sciences\Desktop\VibeMall\venv\Lib\site-packages\django\template\loader_tags.py", line 131, in get_parent
    return self.find_template(parent, context)
           ^^^^^^^^^^^^^^^^^^^^^^^^^^^^^^^^^^^
  File "D:\Iu University\OneDrive - IU International University of Applied Sciences\Desktop\VibeMall\venv\Lib\site-packages\django\template\loader_tags.py", line 109, in find_template
    template, origin = context.template.engine.find_template(
                       ^^^^^^^^^^^^^^^^^^^^^^^^^^^^^^^^^^^^^^
  File "D:\Iu University\OneDrive - IU International University of Applied Sciences\Desktop\VibeMall\venv\Lib\site-packages\django\template\engine.py", line 159, in find_template
    template = loader.get_template(name, skip=skip)
               ^^^^^^^^^^^^^^^^^^^^^^^^^^^^^^^^^^^^
  File "D:\Iu University\OneDrive - IU International University of Applied Sciences\Desktop\VibeMall\venv\Lib\site-packages\django\template\loaders\cached.py", line 57, in get_template
    template = super().get_template(template_name, skip)
               ^^^^^^^^^^^^^^^^^^^^^^^^^^^^^^^^^^^^^^^^^
  File "D:\Iu University\OneDrive - IU International University of Applied Sciences\Desktop\VibeMall\venv\Lib\site-packages\django\template\loaders\base.py", line 28, in get_template
    return Template(
           ^^^^^^^^^
  File "D:\Iu University\OneDrive - IU International University of Applied Sciences\Desktop\VibeMall\venv\Lib\site-packages\django\template\base.py", line 155, in __init__
    self.nodelist = self.compile_nodelist()
                    ^^^^^^^^^^^^^^^^^^^^^^^
  File "D:\Iu University\OneDrive - IU International University of Applied Sciences\Desktop\VibeMall\venv\Lib\site-packages\django\template\base.py", line 197, in compile_nodelist
    nodelist = parser.parse()
               ^^^^^^^^^^^^^^
  File "D:\Iu University\OneDrive - IU International University of Applied Sciences\Desktop\VibeMall\venv\Lib\site-packages\django\template\base.py", line 519, in parse
    raise self.error(token, e)
  File "D:\Iu University\OneDrive - IU International University of Applied Sciences\Desktop\VibeMall\venv\Lib\site-packages\django\template\base.py", line 517, in parse
    compiled_result = compile_func(self, token)
                      ^^^^^^^^^^^^^^^^^^^^^^^^^
  File "D:\Iu University\OneDrive - IU International University of Applied Sciences\Desktop\VibeMall\venv\Lib\site-packages\django\template\loader_tags.py", line 234, in do_block
    nodelist = parser.parse(("endblock",))
               ^^^^^^^^^^^^^^^^^^^^^^^^^^^
  File "D:\Iu University\OneDrive - IU International University of Applied Sciences\Desktop\VibeMall\venv\Lib\site-packages\django\template\base.py", line 519, in parse
    raise self.error(token, e)
  File "D:\Iu University\OneDrive - IU International University of Applied Sciences\Desktop\VibeMall\venv\Lib\site-packages\django\template\base.py", line 517, in parse
    compiled_result = compile_func(self, token)
                      ^^^^^^^^^^^^^^^^^^^^^^^^^
  File "D:\Iu University\OneDrive - IU International University of Applied Sciences\Desktop\VibeMall\venv\Lib\site-packages\django\template\loader_tags.py", line 228, in do_block
    raise TemplateSyntaxError(
django.template.exceptions.TemplateSyntaxError: 'block' tag with name 'title' appears more than once
[ERROR] 2026-03-01 19:28:07 log - Internal Server Error: /admin-panel/resell/payouts/
Traceback (most recent call last):
  File "D:\Iu University\OneDrive - IU International University of Applied Sciences\Desktop\VibeMall\venv\Lib\site-packages\django\core\handlers\exception.py", line 55, in inner
    response = get_response(request)
               ^^^^^^^^^^^^^^^^^^^^^
  File "D:\Iu University\OneDrive - IU International University of Applied Sciences\Desktop\VibeMall\venv\Lib\site-packages\django\core\handlers\base.py", line 197, in _get_response
    response = wrapped_callback(request, *callback_args, **callback_kwargs)
               ^^^^^^^^^^^^^^^^^^^^^^^^^^^^^^^^^^^^^^^^^^^^^^^^^^^^^^^^^^^^
  File "D:\Iu University\OneDrive - IU International University of Applied Sciences\Desktop\VibeMall\venv\Lib\site-packages\django\contrib\auth\decorators.py", line 59, in _view_wrapper
    return view_func(request, *args, **kwargs)
           ^^^^^^^^^^^^^^^^^^^^^^^^^^^^^^^^^^^
  File "D:\Iu University\OneDrive - IU International University of Applied Sciences\Desktop\VibeMall\Hub\views_admin_resell.py", line 738, in admin_payout_management
    return render(request, 'admin_panel/resell/payouts.html', context)
           ^^^^^^^^^^^^^^^^^^^^^^^^^^^^^^^^^^^^^^^^^^^^^^^^^^^^^^^^^^^
  File "D:\Iu University\OneDrive - IU International University of Applied Sciences\Desktop\VibeMall\venv\Lib\site-packages\django\shortcuts.py", line 25, in render
    content = loader.render_to_string(template_name, context, request, using=using)
              ^^^^^^^^^^^^^^^^^^^^^^^^^^^^^^^^^^^^^^^^^^^^^^^^^^^^^^^^^^^^^^^^^^^^^
  File "D:\Iu University\OneDrive - IU International University of Applied Sciences\Desktop\VibeMall\venv\Lib\site-packages\django\template\loader.py", line 61, in render_to_string
    template = get_template(template_name, using=using)
               ^^^^^^^^^^^^^^^^^^^^^^^^^^^^^^^^^^^^^^^^
  File "D:\Iu University\OneDrive - IU International University of Applied Sciences\Desktop\VibeMall\venv\Lib\site-packages\django\template\loader.py", line 15, in get_template
    return engine.get_template(template_name)
           ^^^^^^^^^^^^^^^^^^^^^^^^^^^^^^^^^^
  File "D:\Iu University\OneDrive - IU International University of Applied Sciences\Desktop\VibeMall\venv\Lib\site-packages\django\template\backends\django.py", line 79, in get_template
    return Template(self.engine.get_template(template_name), self)
                    ^^^^^^^^^^^^^^^^^^^^^^^^^^^^^^^^^^^^^^^
  File "D:\Iu University\OneDrive - IU International University of Applied Sciences\Desktop\VibeMall\venv\Lib\site-packages\django\template\engine.py", line 177, in get_template
    template, origin = self.find_template(template_name)
                       ^^^^^^^^^^^^^^^^^^^^^^^^^^^^^^^^^
  File "D:\Iu University\OneDrive - IU International University of Applied Sciences\Desktop\VibeMall\venv\Lib\site-packages\django\template\engine.py", line 159, in find_template
    template = loader.get_template(name, skip=skip)
               ^^^^^^^^^^^^^^^^^^^^^^^^^^^^^^^^^^^^
  File "D:\Iu University\OneDrive - IU International University of Applied Sciences\Desktop\VibeMall\venv\Lib\site-packages\django\template\loaders\cached.py", line 57, in get_template
    template = super().get_template(template_name, skip)
               ^^^^^^^^^^^^^^^^^^^^^^^^^^^^^^^^^^^^^^^^^
  File "D:\Iu University\OneDrive - IU International University of Applied Sciences\Desktop\VibeMall\venv\Lib\site-packages\django\template\loaders\base.py", line 28, in get_template
    return Template(
           ^^^^^^^^^
  File "D:\Iu University\OneDrive - IU International University of Applied Sciences\Desktop\VibeMall\venv\Lib\site-packages\django\template\base.py", line 155, in __init__
    self.nodelist = self.compile_nodelist()
                    ^^^^^^^^^^^^^^^^^^^^^^^
  File "D:\Iu University\OneDrive - IU International University of Applied Sciences\Desktop\VibeMall\venv\Lib\site-packages\django\template\base.py", line 197, in compile_nodelist
    nodelist = parser.parse()
               ^^^^^^^^^^^^^^
  File "D:\Iu University\OneDrive - IU International University of Applied Sciences\Desktop\VibeMall\venv\Lib\site-packages\django\template\base.py", line 519, in parse
    raise self.error(token, e)
  File "D:\Iu University\OneDrive - IU International University of Applied Sciences\Desktop\VibeMall\venv\Lib\site-packages\django\template\base.py", line 517, in parse
    compiled_result = compile_func(self, token)
                      ^^^^^^^^^^^^^^^^^^^^^^^^^
  File "D:\Iu University\OneDrive - IU International University of Applied Sciences\Desktop\VibeMall\venv\Lib\site-packages\django\template\loader_tags.py", line 299, in do_extends
    nodelist = parser.parse()
               ^^^^^^^^^^^^^^
  File "D:\Iu University\OneDrive - IU International University of Applied Sciences\Desktop\VibeMall\venv\Lib\site-packages\django\template\base.py", line 519, in parse
    raise self.error(token, e)
  File "D:\Iu University\OneDrive - IU International University of Applied Sciences\Desktop\VibeMall\venv\Lib\site-packages\django\template\base.py", line 517, in parse
    compiled_result = compile_func(self, token)
                      ^^^^^^^^^^^^^^^^^^^^^^^^^
  File "D:\Iu University\OneDrive - IU International University of Applied Sciences\Desktop\VibeMall\venv\Lib\site-packages\django\template\loader_tags.py", line 234, in do_block
    nodelist = parser.parse(("endblock",))
               ^^^^^^^^^^^^^^^^^^^^^^^^^^^
  File "D:\Iu University\OneDrive - IU International University of Applied Sciences\Desktop\VibeMall\venv\Lib\site-packages\django\template\base.py", line 519, in parse
    raise self.error(token, e)
  File "D:\Iu University\OneDrive - IU International University of Applied Sciences\Desktop\VibeMall\venv\Lib\site-packages\django\template\base.py", line 517, in parse
    compiled_result = compile_func(self, token)
                      ^^^^^^^^^^^^^^^^^^^^^^^^^
  File "D:\Iu University\OneDrive - IU International University of Applied Sciences\Desktop\VibeMall\venv\Lib\site-packages\django\template\defaulttags.py", line 962, in do_if
    nodelist = parser.parse(("elif", "else", "endif"))
               ^^^^^^^^^^^^^^^^^^^^^^^^^^^^^^^^^^^^^^^
  File "D:\Iu University\OneDrive - IU International University of Applied Sciences\Desktop\VibeMall\venv\Lib\site-packages\django\template\base.py", line 519, in parse
    raise self.error(token, e)
  File "D:\Iu University\OneDrive - IU International University of Applied Sciences\Desktop\VibeMall\venv\Lib\site-packages\django\template\base.py", line 517, in parse
    compiled_result = compile_func(self, token)
                      ^^^^^^^^^^^^^^^^^^^^^^^^^
  File "D:\Iu University\OneDrive - IU International University of Applied Sciences\Desktop\VibeMall\venv\Lib\site-packages\django\template\defaulttags.py", line 962, in do_if
    nodelist = parser.parse(("elif", "else", "endif"))
               ^^^^^^^^^^^^^^^^^^^^^^^^^^^^^^^^^^^^^^^
  File "D:\Iu University\OneDrive - IU International University of Applied Sciences\Desktop\VibeMall\venv\Lib\site-packages\django\template\base.py", line 519, in parse
    raise self.error(token, e)
  File "D:\Iu University\OneDrive - IU International University of Applied Sciences\Desktop\VibeMall\venv\Lib\site-packages\django\template\base.py", line 517, in parse
    compiled_result = compile_func(self, token)
                      ^^^^^^^^^^^^^^^^^^^^^^^^^
  File "D:\Iu University\OneDrive - IU International University of Applied Sciences\Desktop\VibeMall\venv\Lib\site-packages\django\template\defaulttags.py", line 862, in do_for
    nodelist_loop = parser.parse(
                    ^^^^^^^^^^^^^
  File "D:\Iu University\OneDrive - IU International University of Applied Sciences\Desktop\VibeMall\venv\Lib\site-packages\django\template\base.py", line 490, in parse
    raise self.error(token, e)
  File "D:\Iu University\OneDrive - IU International University of Applied Sciences\Desktop\VibeMall\venv\Lib\site-packages\django\template\base.py", line 488, in parse
    filter_expression = self.compile_filter(token.contents)
                        ^^^^^^^^^^^^^^^^^^^^^^^^^^^^^^^^^^^
  File "D:\Iu University\OneDrive - IU International University of Applied Sciences\Desktop\VibeMall\venv\Lib\site-packages\django\template\base.py", line 610, in compile_filter
    return FilterExpression(token, self)
           ^^^^^^^^^^^^^^^^^^^^^^^^^^^^^
  File "D:\Iu University\OneDrive - IU International University of Applied Sciences\Desktop\VibeMall\venv\Lib\site-packages\django\template\base.py", line 706, in __init__
    filter_func = parser.find_filter(filter_name)
                  ^^^^^^^^^^^^^^^^^^^^^^^^^^^^^^^
  File "D:\Iu University\OneDrive - IU International University of Applied Sciences\Desktop\VibeMall\venv\Lib\site-packages\django\template\base.py", line 616, in find_filter
    raise TemplateSyntaxError("Invalid filter: '%s'" % filter_name)
django.template.exceptions.TemplateSyntaxError: Invalid filter: 'firstletter'
[ERROR] 2026-03-01 19:59:27 log - Internal Server Error: /checkout/
Traceback (most recent call last):
  File "D:\Iu University\OneDrive - IU International University of Applied Sciences\Desktop\VibeMall\venv\Lib\site-packages\django\template\base.py", line 893, in _resolve_lookup
    current = current[bit]
              ~~~~~~~^^^^^
  File "D:\Iu University\OneDrive - IU International University of Applied Sciences\Desktop\VibeMall\venv\Lib\site-packages\django\template\context.py", line 88, in __getitem__
    raise KeyError(key)
KeyError: 'user_profile'

During handling of the above exception, another exception occurred:

Traceback (most recent call last):
  File "D:\Iu University\OneDrive - IU International University of Applied Sciences\Desktop\VibeMall\venv\Lib\site-packages\django\template\base.py", line 899, in _resolve_lookup
    if isinstance(current, BaseContext) and getattr(
                                            ^^^^^^^^
AttributeError: type object 'RequestContext' has no attribute 'user_profile'

During handling of the above exception, another exception occurred:

Traceback (most recent call last):
  File "D:\Iu University\OneDrive - IU International University of Applied Sciences\Desktop\VibeMall\venv\Lib\site-packages\django\template\base.py", line 909, in _resolve_lookup
    current = current[int(bit)]
                      ^^^^^^^^
ValueError: invalid literal for int() with base 10: 'user_profile'

During handling of the above exception, another exception occurred:

Traceback (most recent call last):
  File "D:\Iu University\OneDrive - IU International University of Applied Sciences\Desktop\VibeMall\venv\Lib\site-packages\django\core\handlers\exception.py", line 55, in inner
    response = get_response(request)
               ^^^^^^^^^^^^^^^^^^^^^
  File "D:\Iu University\OneDrive - IU International University of Applied Sciences\Desktop\VibeMall\venv\Lib\site-packages\django\core\handlers\base.py", line 197, in _get_response
    response = wrapped_callback(request, *callback_args, **callback_kwargs)
               ^^^^^^^^^^^^^^^^^^^^^^^^^^^^^^^^^^^^^^^^^^^^^^^^^^^^^^^^^^^^
  File "D:\Iu University\OneDrive - IU International University of Applied Sciences\Desktop\VibeMall\venv\Lib\site-packages\django\contrib\auth\decorators.py", line 59, in _view_wrapper
    return view_func(request, *args, **kwargs)
           ^^^^^^^^^^^^^^^^^^^^^^^^^^^^^^^^^^^
  File "D:\Iu University\OneDrive - IU International University of Applied Sciences\Desktop\VibeMall\Hub\views.py", line 5095, in checkout
    return render(request, 'checkout.html', {
           ^^^^^^^^^^^^^^^^^^^^^^^^^^^^^^^^^^
  File "D:\Iu University\OneDrive - IU International University of Applied Sciences\Desktop\VibeMall\venv\Lib\site-packages\django\shortcuts.py", line 25, in render
    content = loader.render_to_string(template_name, context, request, using=using)
              ^^^^^^^^^^^^^^^^^^^^^^^^^^^^^^^^^^^^^^^^^^^^^^^^^^^^^^^^^^^^^^^^^^^^^
  File "D:\Iu University\OneDrive - IU International University of Applied Sciences\Desktop\VibeMall\venv\Lib\site-packages\django\template\loader.py", line 62, in render_to_string
    return template.render(context, request)
           ^^^^^^^^^^^^^^^^^^^^^^^^^^^^^^^^^
  File "D:\Iu University\OneDrive - IU International University of Applied Sciences\Desktop\VibeMall\venv\Lib\site-packages\django\template\backends\django.py", line 107, in render
    return self.template.render(context)
           ^^^^^^^^^^^^^^^^^^^^^^^^^^^^^
  File "D:\Iu University\OneDrive - IU International University of Applied Sciences\Desktop\VibeMall\venv\Lib\site-packages\django\template\base.py", line 172, in render
    return self._render(context)
           ^^^^^^^^^^^^^^^^^^^^^
  File "D:\Iu University\OneDrive - IU International University of Applied Sciences\Desktop\VibeMall\venv\Lib\site-packages\django\template\base.py", line 164, in _render
    return self.nodelist.render(context)
           ^^^^^^^^^^^^^^^^^^^^^^^^^^^^^
  File "D:\Iu University\OneDrive - IU International University of Applied Sciences\Desktop\VibeMall\venv\Lib\site-packages\django\template\base.py", line 1018, in render
    return SafeString("".join([node.render_annotated(context) for node in self]))
                              ^^^^^^^^^^^^^^^^^^^^^^^^^^^^^^^^^^^^^^^^^^^^^^^^^
  File "D:\Iu University\OneDrive - IU International University of Applied Sciences\Desktop\VibeMall\venv\Lib\site-packages\django\template\base.py", line 1018, in <listcomp>
    return SafeString("".join([node.render_annotated(context) for node in self]))
                               ^^^^^^^^^^^^^^^^^^^^^^^^^^^^^^
  File "D:\Iu University\OneDrive - IU International University of Applied Sciences\Desktop\VibeMall\venv\Lib\site-packages\django\template\base.py", line 979, in render_annotated
    return self.render(context)
           ^^^^^^^^^^^^^^^^^^^^
  File "D:\Iu University\OneDrive - IU International University of Applied Sciences\Desktop\VibeMall\venv\Lib\site-packages\django\template\loader_tags.py", line 159, in render
    return compiled_parent._render(context)
           ^^^^^^^^^^^^^^^^^^^^^^^^^^^^^^^^
  File "D:\Iu University\OneDrive - IU International University of Applied Sciences\Desktop\VibeMall\venv\Lib\site-packages\django\template\base.py", line 164, in _render
    return self.nodelist.render(context)
           ^^^^^^^^^^^^^^^^^^^^^^^^^^^^^
  File "D:\Iu University\OneDrive - IU International University of Applied Sciences\Desktop\VibeMall\venv\Lib\site-packages\django\template\base.py", line 1018, in render
    return SafeString("".join([node.render_annotated(context) for node in self]))
                              ^^^^^^^^^^^^^^^^^^^^^^^^^^^^^^^^^^^^^^^^^^^^^^^^^
  File "D:\Iu University\OneDrive - IU International University of Applied Sciences\Desktop\VibeMall\venv\Lib\site-packages\django\template\base.py", line 1018, in <listcomp>
    return SafeString("".join([node.render_annotated(context) for node in self]))
                               ^^^^^^^^^^^^^^^^^^^^^^^^^^^^^^
  File "D:\Iu University\OneDrive - IU International University of Applied Sciences\Desktop\VibeMall\venv\Lib\site-packages\django\template\base.py", line 979, in render_annotated
    return self.render(context)
           ^^^^^^^^^^^^^^^^^^^^
  File "D:\Iu University\OneDrive - IU International University of Applied Sciences\Desktop\VibeMall\venv\Lib\site-packages\django\template\loader_tags.py", line 65, in render
    result = block.nodelist.render(context)
             ^^^^^^^^^^^^^^^^^^^^^^^^^^^^^^
  File "D:\Iu University\OneDrive - IU International University of Applied Sciences\Desktop\VibeMall\venv\Lib\site-packages\django\template\base.py", line 1018, in render
    return SafeString("".join([node.render_annotated(context) for node in self]))
                              ^^^^^^^^^^^^^^^^^^^^^^^^^^^^^^^^^^^^^^^^^^^^^^^^^
  File "D:\Iu University\OneDrive - IU International University of Applied Sciences\Desktop\VibeMall\venv\Lib\site-packages\django\template\base.py", line 1018, in <listcomp>
    return SafeString("".join([node.render_annotated(context) for node in self]))
                               ^^^^^^^^^^^^^^^^^^^^^^^^^^^^^^
  File "D:\Iu University\OneDrive - IU International University of Applied Sciences\Desktop\VibeMall\venv\Lib\site-packages\django\template\base.py", line 979, in render_annotated
    return self.render(context)
           ^^^^^^^^^^^^^^^^^^^^
  File "D:\Iu University\OneDrive - IU International University of Applied Sciences\Desktop\VibeMall\venv\Lib\site-packages\django\template\defaulttags.py", line 327, in render
    return nodelist.render(context)
           ^^^^^^^^^^^^^^^^^^^^^^^^
  File "D:\Iu University\OneDrive - IU International University of Applied Sciences\Desktop\VibeMall\venv\Lib\site-packages\django\template\base.py", line 1018, in render
    return SafeString("".join([node.render_annotated(context) for node in self]))
                              ^^^^^^^^^^^^^^^^^^^^^^^^^^^^^^^^^^^^^^^^^^^^^^^^^
  File "D:\Iu University\OneDrive - IU International University of Applied Sciences\Desktop\VibeMall\venv\Lib\site-packages\django\template\base.py", line 1018, in <listcomp>
    return SafeString("".join([node.render_annotated(context) for node in self]))
                               ^^^^^^^^^^^^^^^^^^^^^^^^^^^^^^
  File "D:\Iu University\OneDrive - IU International University of Applied Sciences\Desktop\VibeMall\venv\Lib\site-packages\django\template\base.py", line 979, in render_annotated
    return self.render(context)
           ^^^^^^^^^^^^^^^^^^^^
  File "D:\Iu University\OneDrive - IU International University of Applied Sciences\Desktop\VibeMall\venv\Lib\site-packages\django\template\base.py", line 1077, in render
    output = self.filter_expression.resolve(context)
             ^^^^^^^^^^^^^^^^^^^^^^^^^^^^^^^^^^^^^^^
  File "D:\Iu University\OneDrive - IU International University of Applied Sciences\Desktop\VibeMall\venv\Lib\site-packages\django\template\base.py", line 744, in resolve
    arg_vals.append(arg.resolve(context))
                    ^^^^^^^^^^^^^^^^^^^^
  File "D:\Iu University\OneDrive - IU International University of Applied Sciences\Desktop\VibeMall\venv\Lib\site-packages\django\template\base.py", line 856, in resolve
    value = self._resolve_lookup(context)
            ^^^^^^^^^^^^^^^^^^^^^^^^^^^^^
  File "D:\Iu University\OneDrive - IU International University of Applied Sciences\Desktop\VibeMall\venv\Lib\site-packages\django\template\base.py", line 916, in _resolve_lookup
    raise VariableDoesNotExist(
django.template.base.VariableDoesNotExist: Failed lookup for key [user_profile] in [{'True': True, 'False': False, 'None': None}, {}, {}, {'cart_items': [{'product': <Product: ANARKALI GOWN>, 'quantity': 1, 'price': 1549.0, 'subtotal': 1549.0}], 'total_price': 1549.0, 'buy_now_item': {'product': <Product: ANARKALI GOWN>, 'quantity': 1, 'price': 1549.0, 'subtotal': 1549.0}}]
[ERROR] 2026-03-01 21:35:46 log - Internal Server Error: /
Traceback (most recent call last):
  File "D:\Iu University\OneDrive - IU International University of Applied Sciences\Desktop\VibeMall\venv\Lib\site-packages\django\core\handlers\exception.py", line 55, in inner
    response = get_response(request)
               ^^^^^^^^^^^^^^^^^^^^^
  File "D:\Iu University\OneDrive - IU International University of Applied Sciences\Desktop\VibeMall\venv\Lib\site-packages\django\core\handlers\base.py", line 197, in _get_response
    response = wrapped_callback(request, *callback_args, **callback_kwargs)
               ^^^^^^^^^^^^^^^^^^^^^^^^^^^^^^^^^^^^^^^^^^^^^^^^^^^^^^^^^^^^
  File "D:\Iu University\OneDrive - IU International University of Applied Sciences\Desktop\VibeMall\Hub\views.py", line 4746, in index
    'first_banners': first_banners,
                     ^^^^^^^^^^^^^
NameError: name 'first_banners' is not defined
[ERROR] 2026-03-01 21:40:39 log - Internal Server Error: /
Traceback (most recent call last):
  File "D:\Iu University\OneDrive - IU International University of Applied Sciences\Desktop\VibeMall\venv\Lib\site-packages\django\core\handlers\exception.py", line 55, in inner
    response = get_response(request)
               ^^^^^^^^^^^^^^^^^^^^^
  File "D:\Iu University\OneDrive - IU International University of Applied Sciences\Desktop\VibeMall\venv\Lib\site-packages\django\core\handlers\base.py", line 197, in _get_response
    response = wrapped_callback(request, *callback_args, **callback_kwargs)
               ^^^^^^^^^^^^^^^^^^^^^^^^^^^^^^^^^^^^^^^^^^^^^^^^^^^^^^^^^^^^
  File "D:\Iu University\OneDrive - IU International University of Applied Sciences\Desktop\VibeMall\Hub\views.py", line 4746, in index
    'first_banners': first_banners,
                     ^^^^^^^^^^^^^
NameError: name 'first_banners' is not defined
[ERROR] 2026-03-01 21:40:58 log - Internal Server Error: /
Traceback (most recent call last):
  File "D:\Iu University\OneDrive - IU International University of Applied Sciences\Desktop\VibeMall\venv\Lib\site-packages\django\core\handlers\exception.py", line 55, in inner
    response = get_response(request)
               ^^^^^^^^^^^^^^^^^^^^^
  File "D:\Iu University\OneDrive - IU International University of Applied Sciences\Desktop\VibeMall\venv\Lib\site-packages\django\core\handlers\base.py", line 197, in _get_response
    response = wrapped_callback(request, *callback_args, **callback_kwargs)
               ^^^^^^^^^^^^^^^^^^^^^^^^^^^^^^^^^^^^^^^^^^^^^^^^^^^^^^^^^^^^
  File "D:\Iu University\OneDrive - IU International University of Applied Sciences\Desktop\VibeMall\Hub\views.py", line 4746, in index
    'first_banners': first_banners,
                     ^^^^^^^^^^^^^
NameError: name 'first_banners' is not defined
[ERROR] 2026-03-01 21:41:10 log - Internal Server Error: /
Traceback (most recent call last):
  File "D:\Iu University\OneDrive - IU International University of Applied Sciences\Desktop\VibeMall\venv\Lib\site-packages\django\core\handlers\exception.py", line 55, in inner
    response = get_response(request)
               ^^^^^^^^^^^^^^^^^^^^^
  File "D:\Iu University\OneDrive - IU International University of Applied Sciences\Desktop\VibeMall\venv\Lib\site-packages\django\core\handlers\base.py", line 197, in _get_response
    response = wrapped_callback(request, *callback_args, **callback_kwargs)
               ^^^^^^^^^^^^^^^^^^^^^^^^^^^^^^^^^^^^^^^^^^^^^^^^^^^^^^^^^^^^
  File "D:\Iu University\OneDrive - IU International University of Applied Sciences\Desktop\VibeMall\Hub\views.py", line 4746, in index
    'first_banners': first_banners,
                     ^^^^^^^^^^^^^
NameError: name 'first_banners' is not defined
[ERROR] 2026-03-01 21:56:09 log - Internal Server Error: /admin-panel/main-page-banners/
Traceback (most recent call last):
  File "D:\Iu University\OneDrive - IU International University of Applied Sciences\Desktop\VibeMall\venv\Lib\site-packages\django\core\handlers\exception.py", line 55, in inner
    response = get_response(request)
               ^^^^^^^^^^^^^^^^^^^^^
  File "D:\Iu University\OneDrive - IU International University of Applied Sciences\Desktop\VibeMall\venv\Lib\site-packages\django\core\handlers\base.py", line 197, in _get_response
    response = wrapped_callback(request, *callback_args, **callback_kwargs)
               ^^^^^^^^^^^^^^^^^^^^^^^^^^^^^^^^^^^^^^^^^^^^^^^^^^^^^^^^^^^^
  File "D:\Iu University\OneDrive - IU International University of Applied Sciences\Desktop\VibeMall\venv\Lib\site-packages\django\contrib\auth\decorators.py", line 59, in _view_wrapper
    return view_func(request, *args, **kwargs)
           ^^^^^^^^^^^^^^^^^^^^^^^^^^^^^^^^^^^
  File "D:\Iu University\OneDrive - IU International University of Applied Sciences\Desktop\VibeMall\venv\Lib\site-packages\django\contrib\auth\decorators.py", line 59, in _view_wrapper
    return view_func(request, *args, **kwargs)
           ^^^^^^^^^^^^^^^^^^^^^^^^^^^^^^^^^^^
  File "D:\Iu University\OneDrive - IU International University of Applied Sciences\Desktop\VibeMall\Hub\views.py", line 10178, in admin_main_page_banners
    banners = MainPageBanner.objects.all().order_by('banner_area', 'order', 'id')
              ^^^^^^^^^^^^^^
NameError: name 'MainPageBanner' is not defined
[ERROR] 2026-03-02 10:19:18 log - Internal Server Error: /admin-panel/backup/configuration/
Traceback (most recent call last):
  File "D:\Iu University\OneDrive - IU International University of Applied Sciences\Desktop\VibeMall\venv\Lib\site-packages\django\core\handlers\exception.py", line 55, in inner
    response = get_response(request)
               ^^^^^^^^^^^^^^^^^^^^^
  File "D:\Iu University\OneDrive - IU International University of Applied Sciences\Desktop\VibeMall\venv\Lib\site-packages\django\core\handlers\base.py", line 197, in _get_response
    response = wrapped_callback(request, *callback_args, **callback_kwargs)
               ^^^^^^^^^^^^^^^^^^^^^^^^^^^^^^^^^^^^^^^^^^^^^^^^^^^^^^^^^^^^
  File "D:\Iu University\OneDrive - IU International University of Applied Sciences\Desktop\VibeMall\Hub\backup_views.py", line 38, in wrapped
    return view_func(request, *args, **kwargs)
           ^^^^^^^^^^^^^^^^^^^^^^^^^^^^^^^^^^^
  File "D:\Iu University\OneDrive - IU International University of Applied Sciences\Desktop\VibeMall\Hub\backup_views.py", line 87, in backup_configuration
    config.next_backup_at = calculate_next_backup_time(config)
                            ^^^^^^^^^^^^^^^^^^^^^^^^^^^^^^^^^^
  File "D:\Iu University\OneDrive - IU International University of Applied Sciences\Desktop\VibeMall\Hub\backup_utils.py", line 163, in calculate_next_backup_time
    naive = datetime.combine(next_date, schedule_time)
            ^^^^^^^^^^^^^^^^^^^^^^^^^^^^^^^^^^^^^^^^^^
TypeError: combine() argument 2 must be datetime.time, not str
[ERROR] 2026-03-02 10:20:05 log - Internal Server Error: /admin-panel/backup/itr-reports/
Traceback (most recent call last):
  File "D:\Iu University\OneDrive - IU International University of Applied Sciences\Desktop\VibeMall\venv\Lib\site-packages\django\core\handlers\exception.py", line 55, in inner
    response = get_response(request)
               ^^^^^^^^^^^^^^^^^^^^^
  File "D:\Iu University\OneDrive - IU International University of Applied Sciences\Desktop\VibeMall\venv\Lib\site-packages\django\core\handlers\base.py", line 197, in _get_response
    response = wrapped_callback(request, *callback_args, **callback_kwargs)
               ^^^^^^^^^^^^^^^^^^^^^^^^^^^^^^^^^^^^^^^^^^^^^^^^^^^^^^^^^^^^
  File "D:\Iu University\OneDrive - IU International University of Applied Sciences\Desktop\VibeMall\Hub\backup_views.py", line 38, in wrapped
    return view_func(request, *args, **kwargs)
           ^^^^^^^^^^^^^^^^^^^^^^^^^^^^^^^^^^^
  File "D:\Iu University\OneDrive - IU International University of Applied Sciences\Desktop\VibeMall\Hub\backup_views.py", line 250, in itr_reports
    pd.DataFrame(order_rows).to_excel(writer, sheet_name='Orders', index=False)
  File "D:\Iu University\OneDrive - IU International University of Applied Sciences\Desktop\VibeMall\venv\Lib\site-packages\pandas\core\generic.py", line 2312, in to_excel
    formatter.write(
  File "D:\Iu University\OneDrive - IU International University of Applied Sciences\Desktop\VibeMall\venv\Lib\site-packages\pandas\io\formats\excel.py", line 1012, in write
    writer._write_cells(
  File "D:\Iu University\OneDrive - IU International University of Applied Sciences\Desktop\VibeMall\venv\Lib\site-packages\pandas\io\excel\_openpyxl.py", line 490, in _write_cells
    for cell in cells:
  File "D:\Iu University\OneDrive - IU International University of Applied Sciences\Desktop\VibeMall\venv\Lib\site-packages\pandas\io\formats\excel.py", line 875, in get_formatted_cells
    cell.val = self._format_value(cell.val)
               ^^^^^^^^^^^^^^^^^^^^^^^^^^^^
  File "D:\Iu University\OneDrive - IU International University of Applied Sciences\Desktop\VibeMall\venv\Lib\site-packages\pandas\io\formats\excel.py", line 601, in _format_value
    raise ValueError(
ValueError: Excel does not support datetimes with timezones. Please ensure that datetimes are timezone unaware before writing to Excel.
[ERROR] 2026-03-02 10:23:53 log - Internal Server Error: /admin-panel/backup/itr-reports/
Traceback (most recent call last):
  File "D:\Iu University\OneDrive - IU International University of Applied Sciences\Desktop\VibeMall\venv\Lib\site-packages\django\core\handlers\exception.py", line 55, in inner
    response = get_response(request)
               ^^^^^^^^^^^^^^^^^^^^^
  File "D:\Iu University\OneDrive - IU International University of Applied Sciences\Desktop\VibeMall\venv\Lib\site-packages\django\core\handlers\base.py", line 197, in _get_response
    response = wrapped_callback(request, *callback_args, **callback_kwargs)
               ^^^^^^^^^^^^^^^^^^^^^^^^^^^^^^^^^^^^^^^^^^^^^^^^^^^^^^^^^^^^
  File "D:\Iu University\OneDrive - IU International University of Applied Sciences\Desktop\VibeMall\Hub\backup_views.py", line 38, in wrapped
    return view_func(request, *args, **kwargs)
           ^^^^^^^^^^^^^^^^^^^^^^^^^^^^^^^^^^^
  File "D:\Iu University\OneDrive - IU International University of Applied Sciences\Desktop\VibeMall\Hub\backup_views.py", line 260, in itr_reports
    pd.DataFrame(order_rows).to_excel(writer, sheet_name='Orders', index=False)
  File "D:\Iu University\OneDrive - IU International University of Applied Sciences\Desktop\VibeMall\venv\Lib\site-packages\pandas\core\generic.py", line 2312, in to_excel
    formatter.write(
  File "D:\Iu University\OneDrive - IU International University of Applied Sciences\Desktop\VibeMall\venv\Lib\site-packages\pandas\io\formats\excel.py", line 1012, in write
    writer._write_cells(
  File "D:\Iu University\OneDrive - IU International University of Applied Sciences\Desktop\VibeMall\venv\Lib\site-packages\pandas\io\excel\_openpyxl.py", line 490, in _write_cells
    for cell in cells:
  File "D:\Iu University\OneDrive - IU International University of Applied Sciences\Desktop\VibeMall\venv\Lib\site-packages\pandas\io\formats\excel.py", line 875, in get_formatted_cells
    cell.val = self._format_value(cell.val)
               ^^^^^^^^^^^^^^^^^^^^^^^^^^^^
  File "D:\Iu University\OneDrive - IU International University of Applied Sciences\Desktop\VibeMall\venv\Lib\site-packages\pandas\io\formats\excel.py", line 601, in _format_value
    raise ValueError(
ValueError: Excel does not support datetimes with timezones. Please ensure that datetimes are timezone unaware before writing to Excel.
[ERROR] 2026-03-02 10:26:33 log - Internal Server Error: /admin-panel/backup/itr-reports/
Traceback (most recent call last):
  File "D:\Iu University\OneDrive - IU International University of Applied Sciences\Desktop\VibeMall\venv\Lib\site-packages\django\core\handlers\exception.py", line 55, in inner
    response = get_response(request)
               ^^^^^^^^^^^^^^^^^^^^^
  File "D:\Iu University\OneDrive - IU International University of Applied Sciences\Desktop\VibeMall\venv\Lib\site-packages\django\core\handlers\base.py", line 197, in _get_response
    response = wrapped_callback(request, *callback_args, **callback_kwargs)
               ^^^^^^^^^^^^^^^^^^^^^^^^^^^^^^^^^^^^^^^^^^^^^^^^^^^^^^^^^^^^
  File "D:\Iu University\OneDrive - IU International University of Applied Sciences\Desktop\VibeMall\Hub\backup_views.py", line 38, in wrapped
    return view_func(request, *args, **kwargs)
           ^^^^^^^^^^^^^^^^^^^^^^^^^^^^^^^^^^^
  File "D:\Iu University\OneDrive - IU International University of Applied Sciences\Desktop\VibeMall\Hub\backup_views.py", line 263, in itr_reports
    orders_df.to_excel(writer, sheet_name='Orders', index=False)
  File "D:\Iu University\OneDrive - IU International University of Applied Sciences\Desktop\VibeMall\venv\Lib\site-packages\pandas\core\generic.py", line 2312, in to_excel
    formatter.write(
  File "D:\Iu University\OneDrive - IU International University of Applied Sciences\Desktop\VibeMall\venv\Lib\site-packages\pandas\io\formats\excel.py", line 1012, in write
    writer._write_cells(
  File "D:\Iu University\OneDrive - IU International University of Applied Sciences\Desktop\VibeMall\venv\Lib\site-packages\pandas\io\excel\_openpyxl.py", line 490, in _write_cells
    for cell in cells:
  File "D:\Iu University\OneDrive - IU International University of Applied Sciences\Desktop\VibeMall\venv\Lib\site-packages\pandas\io\formats\excel.py", line 875, in get_formatted_cells
    cell.val = self._format_value(cell.val)
               ^^^^^^^^^^^^^^^^^^^^^^^^^^^^
  File "D:\Iu University\OneDrive - IU International University of Applied Sciences\Desktop\VibeMall\venv\Lib\site-packages\pandas\io\formats\excel.py", line 601, in _format_value
    raise ValueError(
ValueError: Excel does not support datetimes with timezones. Please ensure that datetimes are timezone unaware before writing to Excel.
[ERROR] 2026-03-02 10:26:46 log - Internal Server Error: /admin-panel/backup/itr-reports/
Traceback (most recent call last):
  File "D:\Iu University\OneDrive - IU International University of Applied Sciences\Desktop\VibeMall\venv\Lib\site-packages\django\core\handlers\exception.py", line 55, in inner
    response = get_response(request)
               ^^^^^^^^^^^^^^^^^^^^^
  File "D:\Iu University\OneDrive - IU International University of Applied Sciences\Desktop\VibeMall\venv\Lib\site-packages\django\core\handlers\base.py", line 197, in _get_response
    response = wrapped_callback(request, *callback_args, **callback_kwargs)
               ^^^^^^^^^^^^^^^^^^^^^^^^^^^^^^^^^^^^^^^^^^^^^^^^^^^^^^^^^^^^
  File "D:\Iu University\OneDrive - IU International University of Applied Sciences\Desktop\VibeMall\Hub\backup_views.py", line 38, in wrapped
    return view_func(request, *args, **kwargs)
           ^^^^^^^^^^^^^^^^^^^^^^^^^^^^^^^^^^^
  File "D:\Iu University\OneDrive - IU International University of Applied Sciences\Desktop\VibeMall\Hub\backup_views.py", line 263, in itr_reports
    orders_df.to_excel(writer, sheet_name='Orders', index=False)
  File "D:\Iu University\OneDrive - IU International University of Applied Sciences\Desktop\VibeMall\venv\Lib\site-packages\pandas\core\generic.py", line 2312, in to_excel
    formatter.write(
  File "D:\Iu University\OneDrive - IU International University of Applied Sciences\Desktop\VibeMall\venv\Lib\site-packages\pandas\io\formats\excel.py", line 1012, in write
    writer._write_cells(
  File "D:\Iu University\OneDrive - IU International University of Applied Sciences\Desktop\VibeMall\venv\Lib\site-packages\pandas\io\excel\_openpyxl.py", line 490, in _write_cells
    for cell in cells:
  File "D:\Iu University\OneDrive - IU International University of Applied Sciences\Desktop\VibeMall\venv\Lib\site-packages\pandas\io\formats\excel.py", line 875, in get_formatted_cells
    cell.val = self._format_value(cell.val)
               ^^^^^^^^^^^^^^^^^^^^^^^^^^^^
  File "D:\Iu University\OneDrive - IU International University of Applied Sciences\Desktop\VibeMall\venv\Lib\site-packages\pandas\io\formats\excel.py", line 601, in _format_value
    raise ValueError(
ValueError: Excel does not support datetimes with timezones. Please ensure that datetimes are timezone unaware before writing to Excel.
[ERROR] 2026-03-02 10:27:07 log - Internal Server Error: /admin-panel/backup/itr-reports/
Traceback (most recent call last):
  File "D:\Iu University\OneDrive - IU International University of Applied Sciences\Desktop\VibeMall\venv\Lib\site-packages\django\core\handlers\exception.py", line 55, in inner
    response = get_response(request)
               ^^^^^^^^^^^^^^^^^^^^^
  File "D:\Iu University\OneDrive - IU International University of Applied Sciences\Desktop\VibeMall\venv\Lib\site-packages\django\core\handlers\base.py", line 197, in _get_response
    response = wrapped_callback(request, *callback_args, **callback_kwargs)
               ^^^^^^^^^^^^^^^^^^^^^^^^^^^^^^^^^^^^^^^^^^^^^^^^^^^^^^^^^^^^
  File "D:\Iu University\OneDrive - IU International University of Applied Sciences\Desktop\VibeMall\Hub\backup_views.py", line 38, in wrapped
    return view_func(request, *args, **kwargs)
           ^^^^^^^^^^^^^^^^^^^^^^^^^^^^^^^^^^^
  File "D:\Iu University\OneDrive - IU International University of Applied Sciences\Desktop\VibeMall\Hub\backup_views.py", line 263, in itr_reports
    orders_df.to_excel(writer, sheet_name='Orders', index=False)
  File "D:\Iu University\OneDrive - IU International University of Applied Sciences\Desktop\VibeMall\venv\Lib\site-packages\pandas\core\generic.py", line 2312, in to_excel
    formatter.write(
  File "D:\Iu University\OneDrive - IU International University of Applied Sciences\Desktop\VibeMall\venv\Lib\site-packages\pandas\io\formats\excel.py", line 1012, in write
    writer._write_cells(
  File "D:\Iu University\OneDrive - IU International University of Applied Sciences\Desktop\VibeMall\venv\Lib\site-packages\pandas\io\excel\_openpyxl.py", line 490, in _write_cells
    for cell in cells:
  File "D:\Iu University\OneDrive - IU International University of Applied Sciences\Desktop\VibeMall\venv\Lib\site-packages\pandas\io\formats\excel.py", line 875, in get_formatted_cells
    cell.val = self._format_value(cell.val)
               ^^^^^^^^^^^^^^^^^^^^^^^^^^^^
  File "D:\Iu University\OneDrive - IU International University of Applied Sciences\Desktop\VibeMall\venv\Lib\site-packages\pandas\io\formats\excel.py", line 601, in _format_value
    raise ValueError(
ValueError: Excel does not support datetimes with timezones. Please ensure that datetimes are timezone unaware before writing to Excel.
[ERROR] 2026-03-02 13:45:13 log - Internal Server Error: /admin-panel/backup/analytics/
Traceback (most recent call last):
  File "C:\Users\ADMIN\AppData\Local\Programs\Python\Python311\Lib\site-packages\django\core\handlers\exception.py", line 55, in inner
    response = get_response(request)
               ^^^^^^^^^^^^^^^^^^^^^
  File "C:\Users\ADMIN\AppData\Local\Programs\Python\Python311\Lib\site-packages\django\core\handlers\base.py", line 197, in _get_response
    response = wrapped_callback(request, *callback_args, **callback_kwargs)
               ^^^^^^^^^^^^^^^^^^^^^^^^^^^^^^^^^^^^^^^^^^^^^^^^^^^^^^^^^^^^
  File "D:\Iu University\OneDrive - IU International University of Applied Sciences\Desktop\VibeMall\Hub\backup_views.py", line 39, in wrapped
    return view_func(request, *args, **kwargs)
           ^^^^^^^^^^^^^^^^^^^^^^^^^^^^^^^^^^^
  File "D:\Iu University\OneDrive - IU International University of Applied Sciences\Desktop\VibeMall\Hub\backup_views.py", line 322, in backup_analytics
    'size_trend_json': json.dumps(list(size_trend.values())),
                       ^^^^^^^^^^^^^^^^^^^^^^^^^^^^^^^^^^^^^
  File "C:\Users\ADMIN\AppData\Local\Programs\Python\Python311\Lib\json\__init__.py", line 231, in dumps
    return _default_encoder.encode(obj)
           ^^^^^^^^^^^^^^^^^^^^^^^^^^^^
  File "C:\Users\ADMIN\AppData\Local\Programs\Python\Python311\Lib\json\encoder.py", line 200, in encode
    chunks = self.iterencode(o, _one_shot=True)
             ^^^^^^^^^^^^^^^^^^^^^^^^^^^^^^^^^^
  File "C:\Users\ADMIN\AppData\Local\Programs\Python\Python311\Lib\json\encoder.py", line 258, in iterencode
    return _iterencode(o, 0)
           ^^^^^^^^^^^^^^^^^
  File "C:\Users\ADMIN\AppData\Local\Programs\Python\Python311\Lib\json\encoder.py", line 180, in default
    raise TypeError(f'Object of type {o.__class__.__name__} '
TypeError: Object of type datetime is not JSON serializable
